This is pdfTeX, Version 3.141592653-2.6-1.40.23 (MiKTeX 21.8) (preloaded format=pdflatex 2021.11.6)  3 JAN 2022 23:23
entering extended mode
**./U4_TZ.tex
(U4_TZ.tex
LaTeX2e <2021-06-01> patch level 1
L3 programming layer <2021-08-27>
(C:\Users\monik\AppData\Local\Programs\MiKTeX\tex/latex/base\article.cls
Document Class: article 2021/02/12 v1.4n Standard LaTeX document class
(C:\Users\monik\AppData\Local\Programs\MiKTeX\tex/latex/base\size11.clo
File: size11.clo 2021/02/12 v1.4n Standard LaTeX file (size option)
)
\c@part=\count182
\c@section=\count183
\c@subsection=\count184
\c@subsubsection=\count185
\c@paragraph=\count186
\c@subparagraph=\count187
\c@figure=\count188
\c@table=\count189
\abovecaptionskip=\skip47
\belowcaptionskip=\skip48
\bibindent=\dimen138
)
(C:\Users\monik\AppData\Local\Programs\MiKTeX\tex/latex/base\inputenc.sty
Package: inputenc 2021/02/14 v1.3d Input encoding file
\inpenc@prehook=\toks16
\inpenc@posthook=\toks17
)
(C:\Users\monik\AppData\Local\Programs\MiKTeX\tex/latex/base\fontenc.sty
Package: fontenc 2021/04/29 v2.0v Standard LaTeX package
)
(C:\Users\monik\AppData\Local\Programs\MiKTeX\tex/latex/psnfss\mathpazo.sty
Package: mathpazo 2020/03/25 PSNFSS-v9.3 Palatino w/ Pazo Math (D.Puga, WaS) 
\symupright=\mathgroup4
)
(C:\Users\monik\AppData\Local\Programs\MiKTeX\tex/generic/babel\babel.sty
Package: babel 2021/07/22 3.63 The Babel package

(C:\Users\monik\AppData\Local\Programs\MiKTeX\tex/generic/babel\babel.def
File: babel.def 2021/07/22 3.63 Babel common definitions
\babel@savecnt=\count190
\U@D=\dimen139
\l@unhyphenated=\language79

(C:\Users\monik\AppData\Local\Programs\MiKTeX\tex/generic/babel\txtbabel.def)
\bbl@readstream=\read2
)
\bbl@dirlevel=\count191

*************************************
* Local config file bblopts.cfg used
*
(C:\Users\monik\AppData\Local\Programs\MiKTeX\tex/latex/arabi\bblopts.cfg
File: bblopts.cfg 2005/09/08 v0.1 add Arabic and Farsi to "declared" options of
 babel
)
(C:\Users\monik\AppData\Local\Programs\MiKTeX\tex/latex/babel-czech\czech.ldf
Language: czech 2008/07/06 v3.1a Czech support from the babel system
Package babel Info: Making " an active character on input line 172.
\cs@wordlen=\count192
Package babel Info: Making - an active character on input line 226.
)) (C:\Users\monik\AppData\Local\Programs\MiKTeX\tex/latex/graphics\graphicx.st
y
Package: graphicx 2020/12/05 v1.2c Enhanced LaTeX Graphics (DPC,SPQR)

(C:\Users\monik\AppData\Local\Programs\MiKTeX\tex/latex/graphics\keyval.sty
Package: keyval 2014/10/28 v1.15 key=value parser (DPC)
\KV@toks@=\toks18
)
(C:\Users\monik\AppData\Local\Programs\MiKTeX\tex/latex/graphics\graphics.sty
Package: graphics 2021/03/04 v1.4d Standard LaTeX Graphics (DPC,SPQR)

(C:\Users\monik\AppData\Local\Programs\MiKTeX\tex/latex/graphics\trig.sty
Package: trig 2016/01/03 v1.10 sin cos tan (DPC)
)
(C:\Users\monik\AppData\Local\Programs\MiKTeX\tex/latex/graphics-cfg\graphics.c
fg
File: graphics.cfg 2016/06/04 v1.11 sample graphics configuration
)
Package graphics Info: Driver file: pdftex.def on input line 107.

(C:\Users\monik\AppData\Local\Programs\MiKTeX\tex/latex/graphics-def\pdftex.def
File: pdftex.def 2020/10/05 v1.2a Graphics/color driver for pdftex
))
\Gin@req@height=\dimen140
\Gin@req@width=\dimen141
) (C:\Users\monik\AppData\Local\Programs\MiKTeX\tex/latex/caption\caption.sty
Package: caption 2020/10/26 v3.5g Customizing captions (AR)
(C:\Users\monik\AppData\Local\Programs\MiKTeX\tex/latex/caption\caption3.sty
Package: caption3 2020/10/21 v2.2e caption3 kernel (AR)
\captionmargin=\dimen142
\captionmargin@=\dimen143
\captionwidth=\dimen144
\caption@tempdima=\dimen145
\caption@indent=\dimen146
\caption@parindent=\dimen147
\caption@hangindent=\dimen148
Package caption Info: Standard document class detected.
)
\c@caption@flags=\count193
\c@continuedfloat=\count194
)
(C:\Users\monik\AppData\Local\Programs\MiKTeX\tex/latex/placeins\placeins.sty
Package: placeins 2005/04/18  v 2.2
)
(C:\Users\monik\AppData\Local\Programs\MiKTeX\tex/latex/pdfpages\pdfpages.sty
Package: pdfpages 2021/03/06 v0.5t Insert pages of external PDF documents (AM)

(C:\Users\monik\AppData\Local\Programs\MiKTeX\tex/latex/base\ifthen.sty
Package: ifthen 2020/11/24 v1.1c Standard LaTeX ifthen package (DPC)
)
(C:\Users\monik\AppData\Local\Programs\MiKTeX\tex/latex/tools\calc.sty
Package: calc 2017/05/25 v4.3 Infix arithmetic (KKT,FJ)
\calc@Acount=\count195
\calc@Bcount=\count196
\calc@Adimen=\dimen149
\calc@Bdimen=\dimen150
\calc@Askip=\skip49
\calc@Bskip=\skip50
LaTeX Info: Redefining \setlength on input line 80.
LaTeX Info: Redefining \addtolength on input line 81.
\calc@Ccount=\count197
\calc@Cskip=\skip51
)
(C:\Users\monik\AppData\Local\Programs\MiKTeX\tex/latex/eso-pic\eso-pic.sty
Package: eso-pic 2020/10/14 v3.0a eso-pic (RN)
\ESO@tempdima=\dimen151
\ESO@tempdimb=\dimen152

(C:\Users\monik\AppData\Local\Programs\MiKTeX\tex/latex/xcolor\xcolor.sty
Package: xcolor 2016/05/11 v2.12 LaTeX color extensions (UK)

(C:\Users\monik\AppData\Local\Programs\MiKTeX\tex/latex/graphics-cfg\color.cfg
File: color.cfg 2016/01/02 v1.6 sample color configuration
)
Package xcolor Info: Driver file: pdftex.def on input line 225.
Package xcolor Info: Model `cmy' substituted by `cmy0' on input line 1348.
Package xcolor Info: Model `hsb' substituted by `rgb' on input line 1352.
Package xcolor Info: Model `RGB' extended on input line 1364.
Package xcolor Info: Model `HTML' substituted by `rgb' on input line 1366.
Package xcolor Info: Model `Hsb' substituted by `hsb' on input line 1367.
Package xcolor Info: Model `tHsb' substituted by `hsb' on input line 1368.
Package xcolor Info: Model `HSB' substituted by `hsb' on input line 1369.
Package xcolor Info: Model `Gray' substituted by `gray' on input line 1370.
Package xcolor Info: Model `wave' substituted by `hsb' on input line 1371.
))
\AM@pagewidth=\dimen153
\AM@pageheight=\dimen154
\AM@fboxrule=\dimen155

(C:\Users\monik\AppData\Local\Programs\MiKTeX\tex/latex/pdfpages\pppdftex.def
File: pppdftex.def 2021/03/06 v0.5t Pdfpages driver for pdfTeX (AM)
)
\pdfpages@includegraphics@status=\count198
\AM@pagebox=\box50
\AM@global@opts=\toks19
\AM@pagecnt=\count199
\AM@toc@title=\toks20
\c@AM@survey=\count266
\AM@templatesizebox=\box51
)
LaTeX Font Info:    Trying to load font information for T1+ppl on input line 15
.
(C:\Users\monik\AppData\Local\Programs\MiKTeX\tex/latex/psnfss\t1ppl.fd
File: t1ppl.fd 2001/06/04 font definitions for T1/ppl.
)
(C:\Users\monik\AppData\Local\Programs\MiKTeX\tex/latex/l3backend\l3backend-pdf
tex.def
File: l3backend-pdftex.def 2021-08-04 L3 backend support: PDF output (pdfTeX)
\l__color_backend_stack_int=\count267
\l__pdf_internal_box=\box52
) (U4_TZ.aux)
\openout1 = `U4_TZ.aux'.

LaTeX Font Info:    Checking defaults for OML/cmm/m/it on input line 15.
LaTeX Font Info:    ... okay on input line 15.
LaTeX Font Info:    Checking defaults for OMS/cmsy/m/n on input line 15.
LaTeX Font Info:    ... okay on input line 15.
LaTeX Font Info:    Checking defaults for OT1/cmr/m/n on input line 15.
LaTeX Font Info:    ... okay on input line 15.
LaTeX Font Info:    Checking defaults for T1/cmr/m/n on input line 15.
LaTeX Font Info:    ... okay on input line 15.
LaTeX Font Info:    Checking defaults for TS1/cmr/m/n on input line 15.
LaTeX Font Info:    ... okay on input line 15.
LaTeX Font Info:    Checking defaults for OMX/cmex/m/n on input line 15.
LaTeX Font Info:    ... okay on input line 15.
LaTeX Font Info:    Checking defaults for U/cmr/m/n on input line 15.
LaTeX Font Info:    ... okay on input line 15.
\big@size=\dimen156

(C:\Users\monik\AppData\Local\Programs\MiKTeX\tex/context/base/mkii\supp-pdf.mk
ii
[Loading MPS to PDF converter (version 2006.09.02).]
\scratchcounter=\count268
\scratchdimen=\dimen157
\scratchbox=\box53
\nofMPsegments=\count269
\nofMParguments=\count270
\everyMPshowfont=\toks21
\MPscratchCnt=\count271
\MPscratchDim=\dimen158
\MPnumerator=\count272
\makeMPintoPDFobject=\count273
\everyMPtoPDFconversion=\toks22
)
(C:\Users\monik\AppData\Local\Programs\MiKTeX\tex/latex/epstopdf-pkg\epstopdf-b
ase.sty
Package: epstopdf-base 2020-01-24 v2.11 Base part for package epstopdf
Package epstopdf-base Info: Redefining graphics rule for `.eps' on input line 4
85.

(C:\Users\monik\AppData\Local\Programs\MiKTeX\tex/latex/00miktex\epstopdf-sys.c
fg
File: epstopdf-sys.cfg 2021/03/18 v2.0 Configuration of epstopdf for MiKTeX
))
Package caption Info: Begin \AtBeginDocument code.
Package caption Info: End \AtBeginDocument code.

(C:\Users\monik\AppData\Local\Programs\MiKTeX\tex/latex/pdflscape\pdflscape.sty
Package: pdflscape 2019/12/05 v0.12 Display of landscape pages in PDF (HO)
(C:\Users\monik\AppData\Local\Programs\MiKTeX\tex/generic/iftex\iftex.sty
Package: iftex 2020/03/06 v1.0d TeX engine tests
)
(C:\Users\monik\AppData\Local\Programs\MiKTeX\tex/latex/graphics\lscape.sty
Package: lscape 2020/05/28 v3.02 Landscape Pages (DPC)
)
Package pdflscape Info: Auto-detected driver: pdftex on input line 81.
)
[1

{C:/Users/monik/AppData/Local/MiKTeX/pdftex/config/pdftex.map}] (U4_TZ.toc
LaTeX Font Info:    Trying to load font information for OT1+ppl on input line 6
.

(C:\Users\monik\AppData\Local\Programs\MiKTeX\tex/latex/psnfss\ot1ppl.fd
File: ot1ppl.fd 2001/06/04 font definitions for OT1/ppl.
)
LaTeX Font Info:    Trying to load font information for OML+zplm on input line 
6.

(C:\Users\monik\AppData\Local\Programs\MiKTeX\tex/latex/psnfss\omlzplm.fd
File: omlzplm.fd 2002/09/08 Fontinst v1.914 font definitions for OML/zplm.
)
LaTeX Font Info:    Trying to load font information for OMS+zplm on input line 
6.

(C:\Users\monik\AppData\Local\Programs\MiKTeX\tex/latex/psnfss\omszplm.fd
File: omszplm.fd 2002/09/08 Fontinst v1.914 font definitions for OMS/zplm.
)
LaTeX Font Info:    Trying to load font information for OMX+zplm on input line 
6.

(C:\Users\monik\AppData\Local\Programs\MiKTeX\tex/latex/psnfss\omxzplm.fd
File: omxzplm.fd 2002/09/08 Fontinst v1.914 font definitions for OMX/zplm.
)
LaTeX Font Info:    Trying to load font information for OT1+zplm on input line 
6.

(C:\Users\monik\AppData\Local\Programs\MiKTeX\tex/latex/psnfss\ot1zplm.fd
File: ot1zplm.fd 2002/09/08 Fontinst v1.914 font definitions for OT1/zplm.
))
\tf@toc=\write3
\openout3 = `U4_TZ.toc'.


[1]
<adkcv4.pdf, id=11, 614.295pt x 794.97pt>
File: adkcv4.pdf Graphic file (type pdf)
<use adkcv4.pdf>
Package pdftex.def Info: adkcv4.pdf  used on input line 102.
(pdftex.def)             Requested size: 614.29349pt x 794.96806pt.
File: adkcv4.pdf Graphic file (type pdf)
<use adkcv4.pdf>
Package pdftex.def Info: adkcv4.pdf  used on input line 102.
(pdftex.def)             Requested size: 614.29349pt x 794.96806pt.
<adkcv4.pdf, id=14, page=1, 614.295pt x 794.97pt>
File: adkcv4.pdf Graphic file (type pdf)
<use adkcv4.pdf, page 1>
Package pdftex.def Info: adkcv4.pdf , page1 used on input line 102.
(pdftex.def)             Requested size: 614.29349pt x 794.96806pt.
File: adkcv4.pdf Graphic file (type pdf)
<use adkcv4.pdf, page 1>
Package pdftex.def Info: adkcv4.pdf , page1 used on input line 102.
(pdftex.def)             Requested size: 614.58406pt x 795.3441pt.
 [2

]
File: adkcv4.pdf Graphic file (type pdf)
<use adkcv4.pdf, page 1>
Package pdftex.def Info: adkcv4.pdf , page1 used on input line 102.
(pdftex.def)             Requested size: 614.58406pt x 795.3441pt.
File: adkcv4.pdf Graphic file (type pdf)
<use adkcv4.pdf, page 1>
Package pdftex.def Info: adkcv4.pdf , page1 used on input line 102.
(pdftex.def)             Requested size: 614.58406pt x 795.3441pt.
File: adkcv4.pdf Graphic file (type pdf)
<use adkcv4.pdf, page 1>
Package pdftex.def Info: adkcv4.pdf , page1 used on input line 102.
(pdftex.def)             Requested size: 614.58406pt x 795.3441pt.
 [3 <./adkcv4.pdf>]
Overfull \hbox (17.03671pt too wide) in paragraph at lines 116--117
\T1/ppl/m/n/10.95 (\T1/ppl/m/it/10.95 Union\T1/ppl/m/n/10.95 ), které vy-tvá°í 
ze dvou mno-ºin mno-ºinu no-vou, která ob-sa-huje v²echny
 []


Overfull \hbox (2.36386pt too wide) in paragraph at lines 116--117
\T1/ppl/m/n/10.95 vy-tvá°í ze vstup-ních mno-ºin ta-ko-vou mno-ºinu, která za-h
r-nuje pouze prvky
 []

[4] [5]
LaTeX Font Info:    Trying to load font information for TS1+ppl on input line 2
02.

(C:\Users\monik\AppData\Local\Programs\MiKTeX\tex/latex/psnfss\ts1ppl.fd
File: ts1ppl.fd 2001/06/04 font definitions for TS1/ppl.
)
<images/vstup_polygon.png, id=92, 133.6995pt x 123.46124pt>
File: images/vstup_polygon.png Graphic file (type png)
<use images/vstup_polygon.png>
Package pdftex.def Info: images/vstup_polygon.png  used on input line 209.
(pdftex.def)             Requested size: 133.69916pt x 123.46092pt.
<images/vystup_LoadPoints.png, id=94, 835.32076pt x 506.49225pt>
File: images/vystup_LoadPoints.png Graphic file (type png)
<use images/vystup_LoadPoints.png>
Package pdftex.def Info: images/vystup_LoadPoints.png  used on input line 218.
(pdftex.def)             Requested size: 350.83232pt x 212.7253pt.

[6 <./images/vstup_polygon.png>]
<images/vstup_kresleni.png, id=100, 837.1275pt x 507.69675pt>
File: images/vstup_kresleni.png Graphic file (type png)
<use images/vstup_kresleni.png>
Package pdftex.def Info: images/vstup_kresleni.png  used on input line 230.
(pdftex.def)             Requested size: 351.59116pt x 213.23117pt.
 [7 <./images/vystup_LoadPoints.png>]
<images/vystup_union.png, id=105, 837.1275pt x 507.69675pt>
File: images/vystup_union.png Graphic file (type png)
<use images/vystup_union.png>
Package pdftex.def Info: images/vystup_union.png  used on input line 246.
(pdftex.def)             Requested size: 351.59116pt x 213.23117pt.
<images/vystup_intersection.png, id=106, 835.32076pt x 507.0945pt>
File: images/vystup_intersection.png Graphic file (type png)
<use images/vystup_intersection.png>
Package pdftex.def Info: images/vystup_intersection.png  used on input line 253
.
(pdftex.def)             Requested size: 350.83232pt x 212.97823pt.
<images/vystup_diffAB.png, id=107, 837.72975pt x 507.69675pt>
File: images/vystup_diffAB.png Graphic file (type png)
<use images/vystup_diffAB.png>
Package pdftex.def Info: images/vystup_diffAB.png  used on input line 259.
(pdftex.def)             Requested size: 351.8441pt x 213.23117pt.
<images/vystup_diffBA.png, id=108, 835.32076pt x 508.90125pt>
File: images/vystup_diffBA.png Graphic file (type png)
<use images/vystup_diffBA.png>
Package pdftex.def Info: images/vystup_diffBA.png  used on input line 266.
(pdftex.def)             Requested size: 350.83232pt x 213.73706pt.
 [8 <./images/vstup_kresleni.png>] [9 <./images/vystup_union.png> <./images/vys
tup_intersection.png>] [10 <./images/vystup_diffAB.png> <./images/vystup_diffBA
.png>]
<images/aplikace_uvodni_okno.png, id=123, 835.32076pt x 500.46976pt>
File: images/aplikace_uvodni_okno.png Graphic file (type png)
<use images/aplikace_uvodni_okno.png>
Package pdftex.def Info: images/aplikace_uvodni_okno.png  used on input line 27
6.
(pdftex.def)             Requested size: 350.83232pt x 210.19586pt.

[11

 <./images/aplikace_uvodni_okno.png>]
Overfull \hbox (7.65279pt too wide) in paragraph at lines 304--305
 \T1/ppl/b/n/10.95 TPoint-Li-ne-Po-si-tion[] \T1/ppl/m/n/10.95 TPoint-Li-ne-Po-
si-tion ukládá hod-noty po-lohy bodu v·£i
 []


Overfull \hbox (5.96681pt too wide) in paragraph at lines 322--323
 \T1/ppl/b/n/10.95 TBo-o-le-a-nO-pe-ration[] \T1/ppl/m/n/10.95 TBo-o-le-a-nO-pe
-ration de-fi-nuje hod-noty pro ur-£ení typu
 []

[12

]
Overfull \hbox (0.52356pt too wide) in paragraph at lines 351--352
[]\T1/ppl/m/n/10.95 TPointLinePosition get-Point-Li-ne-Po-si-tion(QPointFBO &a,
 QPoint-FBO
 []


Overfull \hbox (6.32704pt too wide) in paragraph at lines 353--354
[]\T1/ppl/m/n/10.95 TPointPolygonPosition get-Po-si-ti-onWin-ding(QPointFBO &q,
 TPo-ly-gon
 []


Overfull \hbox (27.5267pt too wide) in paragraph at lines 354--355
[]\T1/ppl/m/n/10.95 std::tuple<QPointFBO,T2LinesPosition> get2LinesIntersection
(QPointFBO
 []

[13]
Overfull \hbox (13.87265pt too wide) in paragraph at lines 364--365
 \T1/ppl/b/n/10.95 TPoint-Li-ne-Po-si-tion get-Point-Li-ne-Po-si-tion(QPointFBO
 &a, QPoint-FBO &p1,
 []


Overfull \hbox (5.80183pt too wide) in paragraph at lines 364--365
\T1/ppl/m/n/10.95 °ad-nice 2 bod· ur-£u-jí-cích po-lohu li-nie (vr-choly po-ly-
gonu tak-téº jako QPoint-
 []


Overfull \hbox (13.0074pt too wide) in paragraph at lines 364--365
\T1/ppl/m/n/10.95 FBO). Funkce vrací vºdy hod-notu Righ-tHP, LeftHP, On da-to-v
ého typu TPoint-
 []


Overfull \hbox (14.49777pt too wide) in paragraph at lines 385--387
 \T1/ppl/b/n/10.95 std::tuple<QPointFBO,T2LinesPosition> get2LinesIntersection(
QPointFBO
 []

[14]
Overfull \hbox (1.45653pt too wide) in paragraph at lines 398--399
 \T1/ppl/b/n/10.95 void se-lec-tEd-ges(TPolygon &P, TPoint-Po-ly-gon-Po-si-tion
 pos, TEd-ges &ed-
 []


Overfull \hbox (14.31004pt too wide) in paragraph at lines 398--399
\T1/ppl/m/n/10.95 jichº po-£á-te£ní body mají hod-notu TPoint-Po-ly-gon-Po-si-t
ion shod-nou se vstupní
 []


Overfull \hbox (2.49493pt too wide) in paragraph at lines 401--402
\T1/ppl/m/n/10.95 Funkce nejd°íve vy-po£te pr·-se-£íky po-ly-gon· a ak-tu-a-li-
zuje je po-mocí funkce
 []

[15]
Overfull \hbox (3.70064pt too wide) in paragraph at lines 431--432
 \T1/ppl/b/n/10.95 void pa-in-tE-vent(QPaintEvent *event);[] \T1/ppl/m/n/10.95 
Funkce na-sta-vuje gra-fické atri-buty
 []

[16]
Overfull \hbox (2.5393pt too wide) in paragraph at lines 434--435
\T1/ppl/m/n/10.95 nice kur-soru my²i, ukládá je do po-ly-gonu a ná-sledn¥ je vy
-kres-luje na plátno. 
 []


Overfull \hbox (5.02602pt too wide) in paragraph at lines 440--441
 \T1/ppl/b/n/10.95 void dra-w-Po-ly-gon(TPolygon &pol, QPa-in-ter &qp);[] \T1/p
pl/m/n/10.95 Me-toda trans-for-muje
 []


Overfull \hbox (1.10577pt too wide) in paragraph at lines 458--459
 \T1/ppl/b/n/10.95 void lo-ad-Data(QString &file_name);[] \T1/ppl/m/n/10.95 Fun
kce na-£ítá data z tex-to-vého sou-
 []

[17] [18] [19] (U4_TZ.aux) ) 
Here is how much of TeX's memory you used:
 5431 strings out of 478927
 88778 string characters out of 2852535
 400923 words of memory out of 3000000
 23190 multiletter control sequences out of 15000+600000
 438779 words of font info for 84 fonts, out of 8000000 for 9000
 1141 hyphenation exceptions out of 8191
 62i,17n,75p,1032b,432s stack positions out of 5000i,500n,10000p,200000b,80000s
{C:/Users/monik/AppData/Local/Programs/MiKTeX/fonts
/enc/dvips/base/8r.enc}<C:/Users/monik/AppData/Local/Programs/MiKTeX/fonts/type
1/public/amsfonts/cm/cmbx10.pfb><C:/Users/monik/AppData/Local/Programs/MiKTeX/f
onts/type1/public/amsfonts/cm/cmbx12.pfb><C:/Users/monik/AppData/Local/Programs
/MiKTeX/fonts/type1/public/amsfonts/cm/cmbx9.pfb><C:/Users/monik/AppData/Local/
Programs/MiKTeX/fonts/type1/public/amsfonts/cm/cmmi10.pfb><C:/Users/monik/AppDa
ta/Local/Programs/MiKTeX/fonts/type1/public/amsfonts/cm/cmmi7.pfb><C:/Users/mon
ik/AppData/Local/Programs/MiKTeX/fonts/type1/public/amsfonts/cm/cmr10.pfb><C:/U
sers/monik/AppData/Local/Programs/MiKTeX/fonts/type1/public/amsfonts/cm/cmr7.pf
b><C:/Users/monik/AppData/Local/Programs/MiKTeX/fonts/type1/public/amsfonts/cm/
cmr9.pfb><C:/Users/monik/AppData/Local/Programs/MiKTeX/fonts/type1/public/amsfo
nts/cm/cmsy10.pfb><C:/Users/monik/AppData/Local/Programs/MiKTeX/fonts/type1/pub
lic/amsfonts/cm/cmsy7.pfb><C:/Users/monik/AppData/Local/Programs/MiKTeX/fonts/t
ype1/public/amsfonts/cm/cmti10.pfb><C:/Users/monik/AppData/Local/Programs/MiKTe
X/fonts/type1/public/amsfonts/cm/cmti9.pfb><C:/Users/monik/AppData/Local/Progra
ms/MiKTeX/fonts/type1/public/mathpazo/fplmri.pfb><C:/Users/monik/AppData/Local/
Programs/MiKTeX/fonts/type1/urw/palatino/uplb8a.pfb><C:/Users/monik/AppData/Loc
al/Programs/MiKTeX/fonts/type1/urw/palatino/uplbi8a.pfb><C:/Users/monik/AppData
/Local/Programs/MiKTeX/fonts/type1/urw/palatino/uplr8a.pfb><C:/Users/monik/AppD
ata/Local/Programs/MiKTeX/fonts/type1/urw/palatino/uplri8a.pfb>
Output written on U4_TZ.pdf (20 pages, 377979 bytes).
PDF statistics:
 193 PDF objects out of 1000 (max. 8388607)
 0 named destinations out of 1000 (max. 500000)
 61 words of extra memory for PDF output out of 10000 (max. 10000000)

